<doxygen><compounddef id="test-schema" kind="schema"><detaileddescription><para><h3>Content of test schema</h3><programlisting type="schema">&lt;xs:schema xmlns:xs="http://www.w3.org/2001/XMLSchema" xmlns="http://test" targetNamespace="http://test" elementFormDefault="qualified"&gt;
  &lt;xs:element name="test"&gt;
    &lt;xs:complexType&gt;
      &lt;xs:sequence&gt;
        &lt;xs:element name="subtest" type="xs:string"/&gt;
        &lt;xs:element name="subtest2" type="xs:string"/&gt;
      &lt;/xs:sequence&gt;
    &lt;/xs:complexType&gt;
  &lt;/xs:element&gt;
&lt;/xs:schema&gt;</programlisting></para></detaileddescription></compounddef></doxygen>